<?xml version="1.0" encoding="UTF-8"?>
<testsuite name="Busqueda en google con datos desde el feature" tests="3" skipped="0" failures="1" errors="0" timestamp="2019-04-03T13:02:26" hostname="LAPTOP-L2D6D9IH" time="48.889">
  <properties/>
  <testcase name="buscar en google" classname="Busqueda en google con datos desde el feature" time="11.747"/>
  <testcase name="buscar en google" classname="Busqueda en google con datos desde el feature" time="8.854"/>
  <testcase name="buscar en google" classname="Busqueda en google con datos desde el feature" time="28.279">
    <failure message="java.lang.AssertionError: &#10;Expected: is &quot;supersonico&quot;&#10;     but: was &quot;Pedro Picapiedra&quot;" type="java.lang.AssertionError">java.lang.AssertionError: 
Expected: is &quot;supersonico&quot;
     but: was &quot;Pedro Picapiedra&quot;
	at net.serenitybdd.screenplay.ErrorTally.throwSummaryExceptionFrom(ErrorTally.java:36)
	at net.serenitybdd.screenplay.ErrorTally.reportAnyErrors(ErrorTally.java:30)
	at net.serenitybdd.screenplay.Actor.should(Actor.java:291)
	at co.com.google.qa.miprimerscreemplay.stepsdefinitions.BusquedaEnGoogleStepssDefinitions.elVerificaQueLaPalabraEsteEnLosResultados(BusquedaEnGoogleStepssDefinitions.java:47)
	at ✽.Stiven verifica que la palabra &quot;supersonico&quot; este en los resultados(src/test/resources/features/BusquedaEnGoogle.feature:8)
</failure>
  </testcase>
  <system-out><![CDATA[










































]]></system-out>
  <system-err><![CDATA[abr 03, 2019 8:02:26 AM org.openqa.selenium.remote.DesiredCapabilities chrome
INFORMACIÓN: Using `new ChromeOptions()` is preferred to `DesiredCapabilities.chrome()`
Starting ChromeDriver 2.35.528161 (5b82f2d2aae0ca24b877009200ced9065a772e73) on port 23947
Only local connections are allowed.
abr 03, 2019 8:02:30 AM org.openqa.selenium.remote.ProtocolHandshake createSession
INFORMACIÓN: Detected dialect: OSS
abr 03, 2019 8:02:37 AM org.openqa.selenium.remote.DesiredCapabilities chrome
INFORMACIÓN: Using `new ChromeOptions()` is preferred to `DesiredCapabilities.chrome()`
abr 03, 2019 8:02:39 AM org.openqa.selenium.remote.ProtocolHandshake createSession
INFORMACIÓN: Detected dialect: OSS
abr 03, 2019 8:02:46 AM org.openqa.selenium.remote.DesiredCapabilities chrome
INFORMACIÓN: Using `new ChromeOptions()` is preferred to `DesiredCapabilities.chrome()`
abr 03, 2019 8:02:48 AM org.openqa.selenium.remote.ProtocolHandshake createSession
INFORMACIÓN: Detected dialect: OSS
]]></system-err>
</testsuite>
